<?xml version="1.0" encoding="UTF-8"?>
<coverage generated="1602164638805" clover="3.2.0">
  <project timestamp="1602164638805" name="All files">
    <metrics statements="61" coveredstatements="61" conditionals="20" coveredconditionals="18" methods="13" coveredmethods="13" elements="94" coveredelements="92" complexity="0" loc="61" ncloc="61" packages="1" files="4" classes="4"/>
    <file name="app.js" path="/Users/gurrehmatoberoi/subtr-on-the-go/app.js">
      <metrics statements="8" coveredstatements="8" conditionals="0" coveredconditionals="0" methods="1" coveredmethods="1"/>
      <line num="1" count="1" type="stmt"/>
      <line num="3" count="1" type="stmt"/>
      <line num="4" count="1" type="stmt"/>
      <line num="6" count="1" type="stmt"/>
      <line num="8" count="1" type="stmt"/>
      <line num="9" count="1" type="stmt"/>
      <line num="12" count="1" type="stmt"/>
      <line num="14" count="1" type="stmt"/>
    </file>
    <file name="controller.js" path="/Users/gurrehmatoberoi/subtr-on-the-go/controller.js">
      <metrics statements="18" coveredstatements="18" conditionals="2" coveredconditionals="2" methods="2" coveredmethods="2"/>
      <line num="1" count="1" type="stmt"/>
      <line num="2" count="1" type="stmt"/>
      <line num="4" count="1" type="stmt"/>
      <line num="5" count="13" type="stmt"/>
      <line num="6" count="13" type="cond" truecount="2" falsecount="0"/>
      <line num="7" count="4" type="stmt"/>
      <line num="11" count="9" type="stmt"/>
      <line num="12" count="9" type="stmt"/>
      <line num="13" count="9" type="stmt"/>
      <line num="14" count="9" type="stmt"/>
      <line num="16" count="9" type="stmt"/>
      <line num="17" count="50" type="stmt"/>
      <line num="21" count="50" type="stmt"/>
      <line num="25" count="50" type="stmt"/>
      <line num="30" count="50" type="stmt"/>
      <line num="32" count="50" type="stmt"/>
      <line num="33" count="50" type="stmt"/>
      <line num="37" count="9" type="stmt"/>
    </file>
    <file name="utils.js" path="/Users/gurrehmatoberoi/subtr-on-the-go/utils.js">
      <metrics statements="30" coveredstatements="30" conditionals="16" coveredconditionals="14" methods="9" coveredmethods="9"/>
      <line num="1" count="468" type="stmt"/>
      <line num="6" count="1" type="stmt"/>
      <line num="7" count="54" type="stmt"/>
      <line num="8" count="54" type="stmt"/>
      <line num="10" count="54" type="stmt"/>
      <line num="11" count="312" type="cond" truecount="2" falsecount="0"/>
      <line num="14" count="54" type="cond" truecount="2" falsecount="0"/>
      <line num="15" count="21" type="cond" truecount="2" falsecount="0"/>
      <line num="16" count="5" type="stmt"/>
      <line num="19" count="2" type="stmt"/>
      <line num="21" count="2" type="stmt"/>
      <line num="22" count="2" type="stmt"/>
      <line num="23" count="2" type="stmt"/>
      <line num="24" count="47" type="cond" truecount="1" falsecount="1"/>
      <line num="25" count="110" type="cond" truecount="2" falsecount="0"/>
      <line num="26" count="4" type="stmt"/>
      <line num="29" count="43" type="stmt"/>
      <line num="30" count="255" type="cond" truecount="2" falsecount="0"/>
      <line num="31" count="96" type="stmt"/>
      <line num="32" count="96" type="stmt"/>
      <line num="33" count="96" type="stmt"/>
      <line num="38" count="45" type="stmt"/>
      <line num="44" count="1" type="stmt"/>
      <line num="45" count="52" type="stmt"/>
      <line num="46" count="52" type="cond" truecount="1" falsecount="1"/>
      <line num="49" count="52" type="stmt"/>
      <line num="52" count="156" type="cond" truecount="2" falsecount="0"/>
      <line num="62" count="52" type="stmt"/>
      <line num="63" count="52" type="stmt"/>
      <line num="66" count="1" type="stmt"/>
    </file>
    <file name="validation.js" path="/Users/gurrehmatoberoi/subtr-on-the-go/validation.js">
      <metrics statements="5" coveredstatements="5" conditionals="2" coveredconditionals="2" methods="1" coveredmethods="1"/>
      <line num="1" count="1" type="stmt"/>
      <line num="3" count="1" type="stmt"/>
      <line num="16" count="13" type="cond" truecount="2" falsecount="0"/>
      <line num="17" count="1" type="stmt"/>
      <line num="19" count="12" type="stmt"/>
    </file>
  </project>
</coverage>
