{"/Users/gurrehmatoberoi/subtr-on-the-go/app.js": {"path":"/Users/gurrehmatoberoi/subtr-on-the-go/app.js","statementMap":{"0":{"start":{"line":1,"column":16},"end":{"line":1,"column":34}},"1":{"start":{"line":3,"column":27},"end":{"line":3,"column":50}},"2":{"start":{"line":4,"column":19},"end":{"line":4,"column":42}},"3":{"start":{"line":6,"column":12},"end":{"line":6,"column":21}},"4":{"start":{"line":8,"column":0},"end":{"line":10,"column":3}},"5":{"start":{"line":9,"column":2},"end":{"line":9,"column":19}},"6":{"start":{"line":12,"column":0},"end":{"line":12,"column":45}},"7":{"start":{"line":14,"column":0},"end":{"line":14,"column":21}}},"fnMap":{"0":{"name":"(anonymous_0)","decl":{"start":{"line":8,"column":17},"end":{"line":8,"column":18}},"loc":{"start":{"line":8,"column":31},"end":{"line":10,"column":1}},"line":8}},"branchMap":{},"s":{"0":1,"1":1,"2":1,"3":1,"4":1,"5":1,"6":1,"7":1},"f":{"0":1},"b":{},"_coverageSchema":"1a1c01bbd47fc00a2c39e90264f33305004495a9","hash":"dd7163ca981e6230bd6b1b176fa0cb4d06f392b3"}
,"/Users/gurrehmatoberoi/subtr-on-the-go/controller.js": {"path":"/Users/gurrehmatoberoi/subtr-on-the-go/controller.js","statementMap":{"0":{"start":{"line":1,"column":29},"end":{"line":1,"column":57}},"1":{"start":{"line":2,"column":59},"end":{"line":2,"column":77}},"2":{"start":{"line":4,"column":0},"end":{"line":38,"column":2}},"3":{"start":{"line":5,"column":17},"end":{"line":5,"column":38}},"4":{"start":{"line":6,"column":2},"end":{"line":8,"column":3}},"5":{"start":{"line":7,"column":4},"end":{"line":7,"column":60}},"6":{"start":{"line":11,"column":24},"end":{"line":11,"column":51}},"7":{"start":{"line":12,"column":24},"end":{"line":12,"column":56}},"8":{"start":{"line":13,"column":27},"end":{"line":13,"column":62}},"9":{"start":{"line":14,"column":20},"end":{"line":14,"column":51}},"10":{"start":{"line":16,"column":20},"end":{"line":36,"column":4}},"11":{"start":{"line":17,"column":27},"end":{"line":20,"column":5}},"12":{"start":{"line":21,"column":30},"end":{"line":24,"column":5}},"13":{"start":{"line":25,"column":36},"end":{"line":29,"column":5}},"14":{"start":{"line":30,"column":20},"end":{"line":30,"column":40}},"15":{"start":{"line":32,"column":20},"end":{"line":32,"column":56}},"16":{"start":{"line":33,"column":4},"end":{"line":35,"column":6}},"17":{"start":{"line":37,"column":2},"end":{"line":37,"column":29}}},"fnMap":{"0":{"name":"(anonymous_0)","decl":{"start":{"line":4,"column":17},"end":{"line":4,"column":18}},"loc":{"start":{"line":4,"column":31},"end":{"line":38,"column":1}},"line":4},"1":{"name":"(anonymous_1)","decl":{"start":{"line":16,"column":57},"end":{"line":16,"column":58}},"loc":{"start":{"line":16,"column":63},"end":{"line":36,"column":3}},"line":16}},"branchMap":{"0":{"loc":{"start":{"line":6,"column":2},"end":{"line":8,"column":3}},"type":"if","locations":[{"start":{"line":6,"column":2},"end":{"line":8,"column":3}},{"start":{"line":6,"column":2},"end":{"line":8,"column":3}}],"line":6}},"s":{"0":1,"1":1,"2":1,"3":13,"4":13,"5":4,"6":9,"7":9,"8":9,"9":9,"10":9,"11":50,"12":50,"13":50,"14":50,"15":50,"16":50,"17":9},"f":{"0":13,"1":50},"b":{"0":[4,9]},"_coverageSchema":"1a1c01bbd47fc00a2c39e90264f33305004495a9","hash":"af3a6f05db5c3faf9ad605d7a2f639cee3d49570"}
,"/Users/gurrehmatoberoi/subtr-on-the-go/utils.js": {"path":"/Users/gurrehmatoberoi/subtr-on-the-go/utils.js","statementMap":{"0":{"start":{"line":1,"column":18},"end":{"line":4,"column":1}},"1":{"start":{"line":1,"column":32},"end":{"line":4,"column":1}},"2":{"start":{"line":6,"column":27},"end":{"line":42,"column":1}},"3":{"start":{"line":7,"column":24},"end":{"line":7,"column":69}},"4":{"start":{"line":8,"column":27},"end":{"line":8,"column":75}},"5":{"start":{"line":10,"column":20},"end":{"line":12,"column":3}},"6":{"start":{"line":11,"column":29},"end":{"line":11,"column":74}},"7":{"start":{"line":14,"column":2},"end":{"line":36,"column":3}},"8":{"start":{"line":15,"column":4},"end":{"line":17,"column":5}},"9":{"start":{"line":15,"column":33},"end":{"line":15,"column":41}},"10":{"start":{"line":16,"column":6},"end":{"line":16,"column":37}},"11":{"start":{"line":19,"column":22},"end":{"line":19,"column":61}},"12":{"start":{"line":19,"column":52},"end":{"line":19,"column":60}},"13":{"start":{"line":21,"column":17},"end":{"line":21,"column":41}},"14":{"start":{"line":22,"column":4},"end":{"line":22,"column":59}},"15":{"start":{"line":23,"column":4},"end":{"line":23,"column":39}},"16":{"start":{"line":24,"column":9},"end":{"line":36,"column":3}},"17":{"start":{"line":25,"column":4},"end":{"line":27,"column":5}},"18":{"start":{"line":25,"column":34},"end":{"line":25,"column":42}},"19":{"start":{"line":26,"column":6},"end":{"line":26,"column":37}},"20":{"start":{"line":29,"column":4},"end":{"line":35,"column":7}},"21":{"start":{"line":30,"column":6},"end":{"line":34,"column":7}},"22":{"start":{"line":31,"column":21},"end":{"line":31,"column":41}},"23":{"start":{"line":32,"column":8},"end":{"line":32,"column":55}},"24":{"start":{"line":33,"column":8},"end":{"line":33,"column":39}},"25":{"start":{"line":38,"column":2},"end":{"line":41,"column":4}},"26":{"start":{"line":44,"column":24},"end":{"line":64,"column":1}},"27":{"start":{"line":45,"column":17},"end":{"line":45,"column":37}},"28":{"start":{"line":46,"column":21},"end":{"line":48,"column":27}},"29":{"start":{"line":49,"column":18},"end":{"line":59,"column":3}},"30":{"start":{"line":52,"column":11},"end":{"line":58,"column":7}},"31":{"start":{"line":62,"column":2},"end":{"line":62,"column":45}},"32":{"start":{"line":63,"column":2},"end":{"line":63,"column":17}},"33":{"start":{"line":66,"column":0},"end":{"line":66,"column":68}}},"fnMap":{"0":{"name":"(anonymous_0)","decl":{"start":{"line":1,"column":18},"end":{"line":1,"column":19}},"loc":{"start":{"line":1,"column":32},"end":{"line":4,"column":1}},"line":1},"1":{"name":"(anonymous_1)","decl":{"start":{"line":6,"column":27},"end":{"line":6,"column":28}},"loc":{"start":{"line":6,"column":63},"end":{"line":42,"column":1}},"line":6},"2":{"name":"(anonymous_2)","decl":{"start":{"line":11,"column":4},"end":{"line":11,"column":5}},"loc":{"start":{"line":11,"column":29},"end":{"line":11,"column":74}},"line":11},"3":{"name":"(anonymous_3)","decl":{"start":{"line":15,"column":23},"end":{"line":15,"column":24}},"loc":{"start":{"line":15,"column":33},"end":{"line":15,"column":41}},"line":15},"4":{"name":"(anonymous_4)","decl":{"start":{"line":19,"column":42},"end":{"line":19,"column":43}},"loc":{"start":{"line":19,"column":52},"end":{"line":19,"column":60}},"line":19},"5":{"name":"(anonymous_5)","decl":{"start":{"line":25,"column":24},"end":{"line":25,"column":25}},"loc":{"start":{"line":25,"column":34},"end":{"line":25,"column":42}},"line":25},"6":{"name":"(anonymous_6)","decl":{"start":{"line":29,"column":22},"end":{"line":29,"column":23}},"loc":{"start":{"line":29,"column":39},"end":{"line":35,"column":5}},"line":29},"7":{"name":"(anonymous_7)","decl":{"start":{"line":44,"column":24},"end":{"line":44,"column":25}},"loc":{"start":{"line":44,"column":49},"end":{"line":64,"column":1}},"line":44},"8":{"name":"(anonymous_8)","decl":{"start":{"line":52,"column":4},"end":{"line":52,"column":5}},"loc":{"start":{"line":52,"column":11},"end":{"line":58,"column":7}},"line":52}},"branchMap":{"0":{"loc":{"start":{"line":11,"column":45},"end":{"line":11,"column":73}},"type":"binary-expr","locations":[{"start":{"line":11,"column":45},"end":{"line":11,"column":68}},{"start":{"line":11,"column":72},"end":{"line":11,"column":73}}],"line":11},"1":{"loc":{"start":{"line":14,"column":2},"end":{"line":36,"column":3}},"type":"if","locations":[{"start":{"line":14,"column":2},"end":{"line":36,"column":3}},{"start":{"line":14,"column":2},"end":{"line":36,"column":3}}],"line":14},"2":{"loc":{"start":{"line":15,"column":4},"end":{"line":17,"column":5}},"type":"if","locations":[{"start":{"line":15,"column":4},"end":{"line":17,"column":5}},{"start":{"line":15,"column":4},"end":{"line":17,"column":5}}],"line":15},"3":{"loc":{"start":{"line":24,"column":9},"end":{"line":36,"column":3}},"type":"if","locations":[{"start":{"line":24,"column":9},"end":{"line":36,"column":3}},{"start":{"line":24,"column":9},"end":{"line":36,"column":3}}],"line":24},"4":{"loc":{"start":{"line":25,"column":4},"end":{"line":27,"column":5}},"type":"if","locations":[{"start":{"line":25,"column":4},"end":{"line":27,"column":5}},{"start":{"line":25,"column":4},"end":{"line":27,"column":5}}],"line":25},"5":{"loc":{"start":{"line":30,"column":6},"end":{"line":34,"column":7}},"type":"if","locations":[{"start":{"line":30,"column":6},"end":{"line":34,"column":7}},{"start":{"line":30,"column":6},"end":{"line":34,"column":7}}],"line":30},"6":{"loc":{"start":{"line":46,"column":21},"end":{"line":48,"column":27}},"type":"cond-expr","locations":[{"start":{"line":47,"column":6},"end":{"line":47,"column":31}},{"start":{"line":48,"column":6},"end":{"line":48,"column":27}}],"line":46},"7":{"loc":{"start":{"line":52,"column":11},"end":{"line":58,"column":7}},"type":"cond-expr","locations":[{"start":{"line":53,"column":8},"end":{"line":55,"column":7}},{"start":{"line":56,"column":8},"end":{"line":58,"column":7}}],"line":52}},"s":{"0":1,"1":468,"2":1,"3":54,"4":54,"5":54,"6":312,"7":54,"8":7,"9":21,"10":5,"11":2,"12":2,"13":2,"14":2,"15":2,"16":47,"17":47,"18":110,"19":4,"20":43,"21":255,"22":96,"23":96,"24":96,"25":45,"26":1,"27":52,"28":52,"29":52,"30":156,"31":52,"32":52,"33":1},"f":{"0":468,"1":54,"2":312,"3":21,"4":2,"5":110,"6":255,"7":52,"8":156},"b":{"0":[312,43],"1":[7,47],"2":[5,2],"3":[47,0],"4":[4,43],"5":[96,159],"6":[52,0],"7":[82,74]},"_coverageSchema":"1a1c01bbd47fc00a2c39e90264f33305004495a9","hash":"8a80177bf8aeb18ce4f89b2af834a92258fedebe"}
,"/Users/gurrehmatoberoi/subtr-on-the-go/validation.js": {"path":"/Users/gurrehmatoberoi/subtr-on-the-go/validation.js","statementMap":{"0":{"start":{"line":1,"column":18},"end":{"line":1,"column":46}},"1":{"start":{"line":3,"column":0},"end":{"line":25,"column":2}},"2":{"start":{"line":16,"column":6},"end":{"line":18,"column":7}},"3":{"start":{"line":17,"column":8},"end":{"line":17,"column":73}},"4":{"start":{"line":19,"column":6},"end":{"line":19,"column":18}}},"fnMap":{"0":{"name":"(anonymous_0)","decl":{"start":{"line":15,"column":12},"end":{"line":15,"column":13}},"loc":{"start":{"line":15,"column":32},"end":{"line":20,"column":5}},"line":15}},"branchMap":{"0":{"loc":{"start":{"line":16,"column":6},"end":{"line":18,"column":7}},"type":"if","locations":[{"start":{"line":16,"column":6},"end":{"line":18,"column":7}},{"start":{"line":16,"column":6},"end":{"line":18,"column":7}}],"line":16}},"s":{"0":1,"1":1,"2":13,"3":1,"4":12},"f":{"0":13},"b":{"0":[1,12]},"_coverageSchema":"1a1c01bbd47fc00a2c39e90264f33305004495a9","hash":"1026de6888b1dd8cdc6e170cd0576eb18983737c"}
}
