TN:
SF:app.js
FN:8,(anonymous_0)
FNF:1
FNH:1
FNDA:1,(anonymous_0)
DA:1,1
DA:3,1
DA:4,1
DA:6,1
DA:8,1
DA:9,1
DA:12,1
DA:14,1
LF:8
LH:8
BRF:0
BRH:0
end_of_record
TN:
SF:controller.js
FN:4,(anonymous_0)
FN:16,(anonymous_1)
FNF:2
FNH:2
FNDA:13,(anonymous_0)
FNDA:50,(anonymous_1)
DA:1,1
DA:2,1
DA:4,1
DA:5,13
DA:6,13
DA:7,4
DA:11,9
DA:12,9
DA:13,9
DA:14,9
DA:16,9
DA:17,50
DA:21,50
DA:25,50
DA:30,50
DA:32,50
DA:33,50
DA:37,9
LF:18
LH:18
BRDA:6,0,0,4
BRDA:6,0,1,9
BRF:2
BRH:2
end_of_record
TN:
SF:utils.js
FN:1,(anonymous_0)
FN:6,(anonymous_1)
FN:11,(anonymous_2)
FN:15,(anonymous_3)
FN:19,(anonymous_4)
FN:25,(anonymous_5)
FN:29,(anonymous_6)
FN:44,(anonymous_7)
FN:52,(anonymous_8)
FNF:9
FNH:9
FNDA:468,(anonymous_0)
FNDA:54,(anonymous_1)
FNDA:312,(anonymous_2)
FNDA:21,(anonymous_3)
FNDA:2,(anonymous_4)
FNDA:110,(anonymous_5)
FNDA:255,(anonymous_6)
FNDA:52,(anonymous_7)
FNDA:156,(anonymous_8)
DA:1,468
DA:6,1
DA:7,54
DA:8,54
DA:10,54
DA:11,312
DA:14,54
DA:15,21
DA:16,5
DA:19,2
DA:21,2
DA:22,2
DA:23,2
DA:24,47
DA:25,110
DA:26,4
DA:29,43
DA:30,255
DA:31,96
DA:32,96
DA:33,96
DA:38,45
DA:44,1
DA:45,52
DA:46,52
DA:49,52
DA:52,156
DA:62,52
DA:63,52
DA:66,1
LF:30
LH:30
BRDA:11,0,0,312
BRDA:11,0,1,43
BRDA:14,1,0,7
BRDA:14,1,1,47
BRDA:15,2,0,5
BRDA:15,2,1,2
BRDA:24,3,0,47
BRDA:24,3,1,0
BRDA:25,4,0,4
BRDA:25,4,1,43
BRDA:30,5,0,96
BRDA:30,5,1,159
BRDA:46,6,0,52
BRDA:46,6,1,0
BRDA:52,7,0,82
BRDA:52,7,1,74
BRF:16
BRH:14
end_of_record
TN:
SF:validation.js
FN:15,(anonymous_0)
FNF:1
FNH:1
FNDA:13,(anonymous_0)
DA:1,1
DA:3,1
DA:16,13
DA:17,1
DA:19,12
LF:5
LH:5
BRDA:16,0,0,1
BRDA:16,0,1,12
BRF:2
BRH:2
end_of_record
